<?xml version='1.0' encoding='utf-8'?>
<testsuite name="khz_graph_v2_contract" tests="6" failures="4"><testcase name="schema_file_exists" /><testcase name="no_parse_errors" /><testcase name="all_chunks_v2_1"><failure message="all_chunks_v2_1=100">all_chunks_v2_1=100</failure></testcase><testcase name="canonical_ids"><failure message="canonical_ids=1478">canonical_ids=1478</failure></testcase><testcase name="no_duplicate_ids"><failure message="no_duplicate_ids=90">no_duplicate_ids=90</failure></testcase><testcase name="no_dangling_edges"><failure message="no_dangling_edges=6">no_dangling_edges=6</failure></testcase></testsuite>